[3.905s] DEBUG:colcon:Command line arguments: ['/usr/bin/colcon', 'build']
[3.905s] DEBUG:colcon:Parsed command line arguments: Namespace(log_base=None, log_level=None, verb_name='build', build_base='build', install_base='install', merge_install=False, symlink_install=False, test_result_base=None, continue_on_error=False, executor='parallel', parallel_workers=4, event_handlers=None, ignore_user_meta=False, metas=['./colcon.meta'], base_paths=['.'], packages_ignore=None, packages_ignore_regex=None, paths=None, packages_up_to=None, packages_up_to_regex=None, packages_above=None, packages_above_and_dependencies=None, packages_above_depth=None, packages_select_by_dep=None, packages_skip_by_dep=None, packages_skip_up_to=None, packages_select_build_failed=False, packages_skip_build_finished=False, packages_select_test_failures=False, packages_skip_test_passed=False, packages_select=None, packages_skip=None, packages_select_regex=None, packages_skip_regex=None, packages_start=None, packages_end=None, allow_overriding=[], cmake_args=None, cmake_target=None, cmake_target_skip_unavailable=False, cmake_clean_cache=False, cmake_clean_first=False, cmake_force_configure=False, ament_cmake_args=None, catkin_cmake_args=None, catkin_skip_building_tests=False, verb_parser=<colcon_defaults.argument_parser.defaults.DefaultArgumentsDecorator object at 0x7fbf214a4cd0>, verb_extension=<colcon_core.verb.build.BuildVerb object at 0x7fbf225dbf40>, main=<bound method BuildVerb.main of <colcon_core.verb.build.BuildVerb object at 0x7fbf225dbf40>>)
[4.095s] Level 1:colcon.colcon_core.package_discovery:discover_packages(colcon_meta) check parameters
[4.095s] Level 1:colcon.colcon_core.package_discovery:discover_packages(recursive) check parameters
[4.095s] Level 1:colcon.colcon_core.package_discovery:discover_packages(ignore) check parameters
[4.096s] Level 1:colcon.colcon_core.package_discovery:discover_packages(path) check parameters
[4.096s] Level 1:colcon.colcon_core.package_discovery:discover_packages(colcon_meta) discover
[4.096s] Level 1:colcon.colcon_core.package_discovery:discover_packages(recursive) discover
[4.096s] INFO:colcon.colcon_core.package_discovery:Crawling recursively for packages in '/home/holiday/create3_ws/src/create3_sim/irobot_create_gazebo/irobot_create_gazebo_bringup/launch'
[4.097s] Level 1:colcon.colcon_core.package_identification:_identify(.) by extensions ['ignore', 'ignore_ament_install']
[4.097s] Level 1:colcon.colcon_core.package_identification:_identify(.) by extension 'ignore'
[4.097s] Level 1:colcon.colcon_core.package_identification:_identify(.) by extension 'ignore_ament_install'
[4.098s] Level 1:colcon.colcon_core.package_identification:_identify(.) by extensions ['colcon_pkg']
[4.098s] Level 1:colcon.colcon_core.package_identification:_identify(.) by extension 'colcon_pkg'
[4.098s] Level 1:colcon.colcon_core.package_identification:_identify(.) by extensions ['colcon_meta']
[4.098s] Level 1:colcon.colcon_core.package_identification:_identify(.) by extension 'colcon_meta'
[4.098s] Level 1:colcon.colcon_core.package_identification:_identify(.) by extensions ['ros']
[4.098s] Level 1:colcon.colcon_core.package_identification:_identify(.) by extension 'ros'
[4.133s] Level 1:colcon.colcon_core.package_identification:_identify(.) by extensions ['cmake', 'python']
[4.134s] Level 1:colcon.colcon_core.package_identification:_identify(.) by extension 'cmake'
[4.134s] Level 1:colcon.colcon_core.package_identification:_identify(.) by extension 'python'
[4.134s] Level 1:colcon.colcon_core.package_identification:_identify(.) by extensions ['python_setup_py']
[4.134s] Level 1:colcon.colcon_core.package_identification:_identify(.) by extension 'python_setup_py'
[4.134s] Level 1:colcon.colcon_core.package_identification:_identify(build) by extensions ['ignore', 'ignore_ament_install']
[4.135s] Level 1:colcon.colcon_core.package_identification:_identify(build) by extension 'ignore'
[4.135s] Level 1:colcon.colcon_core.package_identification:_identify(build) ignored
[4.135s] Level 1:colcon.colcon_core.package_identification:_identify(install) by extensions ['ignore', 'ignore_ament_install']
[4.135s] Level 1:colcon.colcon_core.package_identification:_identify(install) by extension 'ignore'
[4.135s] Level 1:colcon.colcon_core.package_identification:_identify(install) ignored
[4.136s] Level 1:colcon.colcon_core.package_identification:_identify(log) by extensions ['ignore', 'ignore_ament_install']
[4.136s] Level 1:colcon.colcon_core.package_identification:_identify(log) by extension 'ignore'
[4.136s] Level 1:colcon.colcon_core.package_identification:_identify(log) ignored
[4.136s] Level 1:colcon.colcon_core.package_discovery:discover_packages(recursive) using defaults
[4.137s] Level 1:colcon.colcon_core.package_discovery:discover_packages(ignore) discover
[4.137s] Level 1:colcon.colcon_core.package_discovery:discover_packages(ignore) using defaults
[4.137s] Level 1:colcon.colcon_core.package_discovery:discover_packages(path) discover
[4.137s] Level 1:colcon.colcon_core.package_discovery:discover_packages(path) using defaults
[4.483s] Level 1:colcon.colcon_core.package_discovery:discover_packages(prefix_path) check parameters
[4.483s] Level 1:colcon.colcon_core.package_discovery:discover_packages(prefix_path) discover
[4.600s] DEBUG:colcon.colcon_installed_package_information.package_discovery:Found 12 installed packages in /home/holiday/create3_ws/install
[4.662s] DEBUG:colcon.colcon_installed_package_information.package_discovery:Found 324 installed packages in /opt/ros/humble
[4.668s] Level 1:colcon.colcon_core.package_discovery:discover_packages(prefix_path) using defaults
[5.052s] INFO:colcon.colcon_core.executor:Executing jobs using 'parallel' executor
[5.119s] DEBUG:colcon.colcon_parallel_executor.executor.parallel:run_until_complete
[5.119s] DEBUG:colcon.colcon_parallel_executor.executor.parallel:closing loop
[5.119s] DEBUG:colcon.colcon_parallel_executor.executor.parallel:loop closed
[5.119s] DEBUG:colcon.colcon_parallel_executor.executor.parallel:run_until_complete finished with '0'
[5.120s] DEBUG:colcon.colcon_core.event_reactor:joining thread
[5.208s] INFO:colcon.colcon_core.plugin_system:Skipping extension 'colcon_notification.desktop_notification.terminal_notifier': Not used on non-Darwin systems
[5.208s] INFO:colcon.colcon_core.plugin_system:Skipping extension 'colcon_notification.desktop_notification.win32': Not used on non-Windows systems
[5.208s] INFO:colcon.colcon_notification.desktop_notification:Sending desktop notification using 'notify2'
[5.251s] DEBUG:colcon.colcon_core.event_reactor:joined thread
[5.331s] INFO:colcon.colcon_core.plugin_system:Skipping extension 'colcon_core.shell.bat': Not used on non-Windows systems
[5.332s] INFO:colcon.colcon_core.shell:Creating prefix script '/home/holiday/create3_ws/src/create3_sim/irobot_create_gazebo/irobot_create_gazebo_bringup/launch/install/local_setup.ps1'
[5.336s] INFO:colcon.colcon_core.shell:Creating prefix util module '/home/holiday/create3_ws/src/create3_sim/irobot_create_gazebo/irobot_create_gazebo_bringup/launch/install/_local_setup_util_ps1.py'
[5.340s] INFO:colcon.colcon_core.shell:Creating prefix chain script '/home/holiday/create3_ws/src/create3_sim/irobot_create_gazebo/irobot_create_gazebo_bringup/launch/install/setup.ps1'
[5.418s] INFO:colcon.colcon_core.shell:Creating prefix script '/home/holiday/create3_ws/src/create3_sim/irobot_create_gazebo/irobot_create_gazebo_bringup/launch/install/local_setup.sh'
[5.420s] INFO:colcon.colcon_core.shell:Creating prefix util module '/home/holiday/create3_ws/src/create3_sim/irobot_create_gazebo/irobot_create_gazebo_bringup/launch/install/_local_setup_util_sh.py'
[5.422s] INFO:colcon.colcon_core.shell:Creating prefix chain script '/home/holiday/create3_ws/src/create3_sim/irobot_create_gazebo/irobot_create_gazebo_bringup/launch/install/setup.sh'
[5.492s] INFO:colcon.colcon_core.shell:Creating prefix script '/home/holiday/create3_ws/src/create3_sim/irobot_create_gazebo/irobot_create_gazebo_bringup/launch/install/local_setup.bash'
[5.494s] INFO:colcon.colcon_core.shell:Creating prefix chain script '/home/holiday/create3_ws/src/create3_sim/irobot_create_gazebo/irobot_create_gazebo_bringup/launch/install/setup.bash'
[5.568s] INFO:colcon.colcon_core.shell:Creating prefix script '/home/holiday/create3_ws/src/create3_sim/irobot_create_gazebo/irobot_create_gazebo_bringup/launch/install/local_setup.zsh'
[5.569s] INFO:colcon.colcon_core.shell:Creating prefix chain script '/home/holiday/create3_ws/src/create3_sim/irobot_create_gazebo/irobot_create_gazebo_bringup/launch/install/setup.zsh'
